<?xml version="1.0" encoding="UTF-8"?>
<!-- Generated by org.testng.reporters.JUnitReportReporter -->
<testsuite hostname="DESKTOP0189" failures="0" tests="1" name="automation.testsuite.EditUserTest" time="7.640" errors="0" timestamp="2024-12-21T07:31:44 ICT" skipped="0">
  <testcase classname="automation.testsuite.EditUserTest" name="TC_EditSuccessfully" time="7.640"/>
  <system-out/>
</testsuite> <!-- automation.testsuite.EditUserTest -->
