<?xml version="1.0" encoding="UTF-8"?>
<!-- Generated by org.testng.reporters.JUnitReportReporter -->
<testsuite hostname="DESKTOP0189" failures="0" tests="1" name="automation.testsuite.ActivateOrDeactivateUser" time="7.740" errors="0" timestamp="2024-12-19T04:08:22 ICT" skipped="0">
  <testcase classname="automation.testsuite.ActivateOrDeactivateUser" name="TC_ActivateOrDeactivateUser" time="7.740"/>
  <system-out/>
</testsuite> <!-- automation.testsuite.ActivateOrDeactivateUser -->
