<?xml version="1.0" encoding="UTF-8"?>
<!-- Generated by org.testng.reporters.JUnitReportReporter -->
<testsuite hostname="DESKTOP-1KBM4TD" failures="0" tests="1" name="automation.testsuite.departments.DeleteDepartment" time="6.012" errors="0" timestamp="2024-12-21T16:24:38 ICT" skipped="0">
  <testcase classname="automation.testsuite.departments.DeleteDepartment" name="XemPhongBan001" time="6.012"/>
  <system-out/>
</testsuite> <!-- automation.testsuite.departments.DeleteDepartment -->
