<?xml version="1.0" encoding="UTF-8"?>
<!-- Generated by org.testng.reporters.JUnitReportReporter -->
<testsuite hostname="DESKTOP0189" failures="0" tests="1" name="automation.testsuite.ExportCSVFileTest" time="10.874" errors="0" timestamp="2024-12-22T05:11:01 ICT" skipped="0">
  <testcase classname="automation.testsuite.ExportCSVFileTest" name="TC_ExportCSVFile" time="10.874"/>
  <system-out/>
</testsuite> <!-- automation.testsuite.ExportCSVFileTest -->
