<?xml version="1.0" encoding="UTF-8"?>
<!-- Generated by org.testng.reporters.JUnitReportReporter -->
<testsuite hostname="DESKTOP0189" failures="0" tests="1" name="automation.testsuite.AddUserTest" time="57.355" errors="0" timestamp="2024-12-18T05:34:23 ICT" skipped="0">
  <testcase classname="automation.testsuite.AddUserTest" name="TC1_AddNewUserAndSearchSuccessfully" time="57.355"/>
  <system-out/>
</testsuite> <!-- automation.testsuite.AddUserTest -->
