<?xml version="1.0" encoding="UTF-8"?>
<!-- Generated by org.testng.reporters.JUnitReportReporter -->
<testsuite hostname="DESKTOP-1KBM4TD" failures="0" tests="2" name="automation.testsuite.AddPhongBan" time="74.922" errors="0" timestamp="2024-12-21T15:03:43 ICT" skipped="0">
  <testcase classname="automation.testsuite.AddPhongBan" name="TimKiemPhongBan001" time="3.886"/>
  <system-out/>
  <testcase classname="automation.testsuite.AddPhongBan" name="TimKiemPhongBan002" time="71.036"/>
  <system-out/>
</testsuite> <!-- automation.testsuite.AddPhongBan -->
