<?xml version="1.0" encoding="UTF-8"?>
<!-- Generated by org.testng.reporters.JUnitReportReporter -->
<testsuite hostname="DESKTOP-1KBM4TD" failures="0" tests="1" name="automation.testsuite.departments.UpdateDepartment" time="4.421" errors="0" timestamp="2024-12-21T16:03:11 ICT" skipped="0">
  <testcase classname="automation.testsuite.departments.UpdateDepartment" name="SuaPhongBan001" time="4.421"/>
  <system-out/>
</testsuite> <!-- automation.testsuite.departments.UpdateDepartment -->
