<?xml version="1.0" encoding="UTF-8"?>
<!-- Generated by org.testng.reporters.JUnitReportReporter -->
<testsuite hostname="DESKTOP-1KBM4TD" failures="0" tests="3" name="automation.testsuite.departments.ViewDepartment" time="6.421" errors="0" timestamp="2024-12-21T16:31:23 ICT" skipped="0">
  <testcase classname="automation.testsuite.departments.ViewDepartment" name="XemPhongBan001" time="2.012"/>
  <system-out/>
  <testcase classname="automation.testsuite.departments.ViewDepartment" name="XemPhongBan002" time="2.157"/>
  <system-out/>
  <testcase classname="automation.testsuite.departments.ViewDepartment" name="XemPhongBan003" time="2.252"/>
  <system-out/>
</testsuite> <!-- automation.testsuite.departments.ViewDepartment -->
