<?xml version="1.0" encoding="UTF-8"?>
<!-- Generated by org.testng.reporters.JUnitReportReporter -->
<testsuite hostname="DESKTOP-1KBM4TD" failures="0" tests="2" name="automation.testsuite.departments.AddDepartment" time="9.544" errors="0" timestamp="2024-12-21T15:48:50 ICT" skipped="0">
  <testcase classname="automation.testsuite.departments.AddDepartment" name="ThemPhongBan001" time="3.790"/>
  <system-out/>
  <testcase classname="automation.testsuite.departments.AddDepartment" name="ThemPhongBan002" time="5.754"/>
  <system-out/>
</testsuite> <!-- automation.testsuite.departments.AddDepartment -->
