<?xml version="1.0" encoding="UTF-8"?>
<!-- Generated by org.testng.reporters.JUnitReportReporter -->
<testsuite hostname="DESKTOP0189" failures="0" tests="1" name="automation.testsuite.LamMoiMatKhauTest" time="6.497" errors="0" timestamp="2024-12-22T16:43:44 ICT" skipped="0">
  <testcase classname="automation.testsuite.LamMoiMatKhauTest" name="TC_LamMoiMatKhau" time="6.497"/>
  <system-out/>
</testsuite> <!-- automation.testsuite.LamMoiMatKhauTest -->
