<?xml version="1.0" encoding="UTF-8"?>
<!-- Generated by org.testng.reporters.JUnitReportReporter -->
<testsuite hostname="DESKTOP0189" failures="0" tests="1" name="automation.testsuite.AddUserTest" time="7.043" errors="0" timestamp="2024-12-22T16:42:21 ICT" skipped="0">
  <testcase classname="automation.testsuite.AddUserTest" name="TC4_FailToAddNewUserByInputExistedEmailUserCode" time="7.043"/>
  <system-out/>
</testsuite> <!-- automation.testsuite.AddUserTest -->
