<?xml version="1.0" encoding="UTF-8"?>
<!-- Generated by org.testng.reporters.JUnitReportReporter -->
<testsuite hostname="DESKTOP0189" failures="0" tests="1" name="automation.testsuite.LamMoiMatKhauTest" time="7.470" errors="0" timestamp="2024-12-19T04:51:18 ICT" skipped="0">
  <testcase classname="automation.testsuite.LamMoiMatKhauTest" name="TC_LamMoiMatKhau" time="7.470"/>
  <system-out/>
</testsuite> <!-- automation.testsuite.LamMoiMatKhauTest -->
