<?xml version="1.0" encoding="UTF-8"?>
<!-- Generated by org.testng.reporters.JUnitReportReporter -->
<testsuite hostname="DESKTOP-8VQFVRH" failures="0" tests="1" name="automation.testsuite.qlklv.AddAndDeleteKVLV" time="4.645" errors="0" timestamp="2024-12-22T16:33:42 GMT+07:00" skipped="0">
  <testcase classname="automation.testsuite.qlklv.AddAndDeleteKVLV" name="ThemVaXoakvlv001" time="4.645"/>
  <system-out/>
</testsuite> <!-- automation.testsuite.qlklv.AddAndDeleteKVLV -->
